[0m
[0m [0m [0m [0m [0m [0m [0m [0m [0m [0m [0m [0m [0m [0m [0m [0m [0m [0m [0m [0m [0m [0m [0m [0m [0m [0m [0m [0m [0m [0m [0m [0m [0m [0m [0m [0m [0m [0m [0m [0m [0m [0m [0m [0m [0m [0m [0m [0m [0m [0m [0m [0m [0m [0m [0m [0m [0m [0m [0m [48;5;255m [48;5;255m [0m [0m [0m [0m [0m [0m [0m [0m [0m [0m [0m [0m
[0m [0m [0m [0m [0m [0m [0m [0m [0m [0m [0m [0m [0m [0m [0m [0m [0m [0m [0m [0m [0m [0m [0m [0m [0m [0m [0m [0m [0m [0m [0m [0m [0m [0m [0m [0m [0m [0m [0m [0m [0m [0m [0m [0m [0m [0m [0m [0m [0m [0m [0m [0m [0m [0m [0m [0m [0m [0m [0m [48;5;255m [48;5;255m [0m [0m [0m [0m [0m [0m [0m [0m [0m [0m [0m [0m
[0m [0m [0m [0m [0m [0m [0m [0m [0m [0m [0m [0m [0m [0m [0m [0m [0m [0m [0m [0m [0m [0m [0m [0m [0m [0m [0m [0m [0m [0m [0m [0m [0m [0m [0m [0m [0m [0m [0m [0m [0m [0m [0m [0m [0m [0m [0m [0m [0m [0m [0m [0m [0m [0m [0m [0m [0m [0m [0m [48;5;255m [48;5;255m [0m [0m [0m [0m [0m [0m [0m [0m [0m [0m [0m [0m
[48;5;255m [48;5;255m [48;5;255m [48;5;255m [48;5;255m [48;5;255m [48;5;255m [0m [0m [48;5;255m [48;5;255m [48;5;255m [48;5;255m [48;5;255m [48;5;255m [48;5;255m [48;5;255m [0m [0m [48;5;255m [48;5;255m [48;5;255m [48;5;255m [48;5;255m [48;5;255m [48;5;255m [48;5;255m [48;5;255m [48;5;255m [48;5;255m [48;5;255m [0m [0m [48;5;255m [48;5;255m [48;5;255m [48;5;255m [48;5;255m [48;5;255m [48;5;255m [48;5;255m [0m [0m [48;5;255m [48;5;255m [48;5;255m [48;5;255m [48;5;255m [48;5;255m [48;5;255m [48;5;255m [0m [0m [48;5;255m [48;5;255m [48;5;255m [48;5;255m [48;5;255m [48;5;255m [48;5;255m [48;5;255m [0m [0m [48;5;255m [48;5;255m [48;5;255m [48;5;255m [48;5;255m [48;5;255m [48;5;255m [48;5;255m [0m [0m [48;5;255m [48;5;255m [48;5;255m [48;5;255m [48;5;255m [48;5;255m [48;5;255m [48;5;255m [0m
[48;5;255m [48;5;255m [0m [0m [0m [0m [0m [0m [0m [48;5;255m [48;5;255m [0m [0m [0m [0m [48;5;255m [48;5;255m [0m [0m [48;5;255m [48;5;255m [0m [0m [0m [48;5;255m [48;5;255m [0m [0m [0m [48;5;255m [48;5;255m [0m [0m [48;5;255m [48;5;255m [0m [0m [0m [0m [48;5;255m [48;5;255m [0m [0m [48;5;255m [48;5;255m [0m [0m [0m [0m [48;5;255m [48;5;255m [0m [0m [48;5;255m [48;5;255m [0m [0m [0m [0m [48;5;255m [48;5;255m [0m [0m [48;5;255m [48;5;255m [0m [0m [0m [0m [48;5;255m [48;5;255m [0m [0m [48;5;255m [48;5;255m [0m
[48;5;255m [48;5;255m [0m [0m [0m [0m [0m [0m [0m [48;5;255m [48;5;255m [0m [0m [0m [0m [48;5;255m [48;5;255m [0m [0m [48;5;255m [48;5;255m [0m [0m [0m [48;5;255m [48;5;255m [0m [0m [0m [48;5;255m [48;5;255m [0m [0m [48;5;255m [48;5;255m [0m [0m [0m [0m [48;5;255m [48;5;255m [0m [0m [48;5;255m [48;5;255m [0m [0m [0m [0m [48;5;255m [48;5;255m [0m [0m [48;5;255m [48;5;255m [0m [0m [0m [0m [48;5;255m [48;5;255m [0m [0m [48;5;255m [48;5;255m [0m [0m [0m [0m [48;5;255m [48;5;255m [0m [0m [48;5;255m [48;5;255m [0m
[48;5;255m [48;5;255m [0m [0m [0m [0m [0m [0m [0m [48;5;255m [48;5;255m [0m [0m [0m [0m [48;5;255m [48;5;255m [0m [0m [48;5;255m [48;5;255m [0m [0m [0m [48;5;255m [48;5;255m [0m [0m [0m [48;5;255m [48;5;255m [0m [0m [48;5;255m [48;5;255m [0m [0m [0m [0m [48;5;255m [48;5;255m [0m [0m [48;5;255m [48;5;255m [0m [0m [0m [0m [48;5;255m [48;5;255m [0m [0m [48;5;255m [48;5;255m [0m [0m [0m [0m [48;5;255m [48;5;255m [0m [0m [48;5;255m [48;5;255m [0m [0m [0m [0m [48;5;255m [48;5;255m [0m [0m [48;5;255m [48;5;255m [0m
[48;5;255m [48;5;255m [48;5;255m [48;5;255m [48;5;255m [48;5;255m [48;5;255m [0m [0m [48;5;255m [48;5;255m [48;5;255m [48;5;255m [48;5;255m [48;5;255m [48;5;255m [48;5;255m [0m [0m [48;5;255m [48;5;255m [0m [0m [0m [48;5;255m [48;5;255m [0m [0m [0m [48;5;255m [48;5;255m [0m [0m [48;5;255m [48;5;255m [48;5;255m [48;5;255m [48;5;255m [48;5;255m [48;5;255m [48;5;255m [0m [0m [48;5;255m [48;5;255m [48;5;255m [48;5;255m [48;5;255m [48;5;255m [48;5;255m [48;5;255m [0m [0m [48;5;255m [48;5;255m [48;5;255m [48;5;255m [48;5;255m [48;5;255m [48;5;255m [48;5;255m [0m [0m [48;5;255m [48;5;255m [48;5;255m [48;5;255m [48;5;255m [48;5;255m [48;5;255m [48;5;255m [0m [0m [48;5;255m [48;5;255m [48;5;255m [48;5;255m [48;5;255m [48;5;255m [48;5;255m [48;5;255m [0m
[0m [0m [0m [0m [0m [0m [0m [0m [0m [0m [0m [0m [0m [0m [0m [0m [0m [0m [0m [0m [0m [0m [0m [0m [0m [0m [0m [0m [0m [0m [0m [0m [0m [48;5;255m [48;5;255m [0m [0m [0m [0m [0m [0m [0m [0m [0m [0m [0m [0m
[0m [0m [0m [0m [0m [0m [0m [0m [0m [0m [0m [0m [0m [0m [0m [0m [0m [0m [0m [0m [0m [0m [0m [0m [0m [0m [0m [0m [0m [0m [0m [0m [0m [48;5;255m [48;5;255m [0m [0m [0m [0m [0m [0m [0m [0m [0m [0m [0m [0m
[0m [0m [0m [0m [0m [0m [0m [0m [0m [0m [0m [0m [0m [0m [0m [0m [0m [0m [0m [0m [0m [0m [0m [0m [0m [0m [0m [0m [0m [0m [0m [0m [0m [48;5;255m [48;5;255m [0m [0m [0m [0m [0m [0m [0m [0m [0m [0m [0m [0m

1.1.13

TypeScript version used by Compodoc : 2.9.1

TypeScript version of current project : 4.3.2

Node.js version : v16.3.0

Operating system : Linux 5.8

[16:57:08] No configuration file found, switching to CLI flags.
[16:57:08] Using tsconfig file : /home/rodrigo/Documents/DesenvolvimentoWeb/Votacao/votacao/tsconfig.json
[16:57:08] Including      : /home/rodrigo/Documents/DesenvolvimentoWeb/Votacao/votacao/.browserslistrc
[16:57:08] Including      : /home/rodrigo/Documents/DesenvolvimentoWeb/Votacao/votacao/.editorconfig
[16:57:08] Including      : /home/rodrigo/Documents/DesenvolvimentoWeb/Votacao/votacao/.gitignore
[16:57:08] Including      : /home/rodrigo/Documents/DesenvolvimentoWeb/Votacao/votacao/README.md
[16:57:08] Including      : /home/rodrigo/Documents/DesenvolvimentoWeb/Votacao/votacao/angular.json
[16:57:08] Including      : /home/rodrigo/Documents/DesenvolvimentoWeb/Votacao/votacao/build-storybook.log
[16:57:08] Including      : /home/rodrigo/Documents/DesenvolvimentoWeb/Votacao/votacao/documentation.json
[16:57:08] Including      : /home/rodrigo/Documents/DesenvolvimentoWeb/Votacao/votacao/karma.conf.js
[16:57:08] Including      : /home/rodrigo/Documents/DesenvolvimentoWeb/Votacao/votacao/package-lock.json
[16:57:08] Including      : /home/rodrigo/Documents/DesenvolvimentoWeb/Votacao/votacao/package.json
[16:57:08] Including      : /home/rodrigo/Documents/DesenvolvimentoWeb/Votacao/votacao/tsconfig.app.json
[16:57:08] Including      : /home/rodrigo/Documents/DesenvolvimentoWeb/Votacao/votacao/tsconfig.json
[16:57:08] Including      : /home/rodrigo/Documents/DesenvolvimentoWeb/Votacao/votacao/tsconfig.spec.json
[16:57:08] Including      : /home/rodrigo/Documents/DesenvolvimentoWeb/Votacao/votacao/.storybook/main.js
[16:57:08] Including      : /home/rodrigo/Documents/DesenvolvimentoWeb/Votacao/votacao/.storybook/preview.js
[16:57:08] Including      : /home/rodrigo/Documents/DesenvolvimentoWeb/Votacao/votacao/.storybook/tsconfig.json
[16:57:08] Including      : /home/rodrigo/Documents/DesenvolvimentoWeb/Votacao/votacao/src/favicon.ico
[16:57:08] Ignoring       : /home/rodrigo/Documents/DesenvolvimentoWeb/Votacao/votacao/.storybook/typings.d.ts
[16:57:08] Including      : /home/rodrigo/Documents/DesenvolvimentoWeb/Votacao/votacao/src/index.html
[16:57:08] Including      : /home/rodrigo/Documents/DesenvolvimentoWeb/Votacao/votacao/src/main.ts
[16:57:08] Including      : /home/rodrigo/Documents/DesenvolvimentoWeb/Votacao/votacao/src/polyfills.ts
[16:57:08] Including      : /home/rodrigo/Documents/DesenvolvimentoWeb/Votacao/votacao/src/styles.css
[16:57:08] Including      : /home/rodrigo/Documents/DesenvolvimentoWeb/Votacao/votacao/src/test.ts
[16:57:08] Including      : /home/rodrigo/Documents/DesenvolvimentoWeb/Votacao/votacao/src/app/app-routing.module.ts
[16:57:08] Including      : /home/rodrigo/Documents/DesenvolvimentoWeb/Votacao/votacao/src/app/app.component.css
[16:57:08] Including      : /home/rodrigo/Documents/DesenvolvimentoWeb/Votacao/votacao/src/app/app.component.html
[16:57:08] Ignoring       : /home/rodrigo/Documents/DesenvolvimentoWeb/Votacao/votacao/src/app/app.component.spec.ts
[16:57:08] Including      : /home/rodrigo/Documents/DesenvolvimentoWeb/Votacao/votacao/src/app/app.component.ts
[16:57:08] Including      : /home/rodrigo/Documents/DesenvolvimentoWeb/Votacao/votacao/src/app/app.module.ts
[16:57:08] Including      : /home/rodrigo/Documents/DesenvolvimentoWeb/Votacao/votacao/src/assets/.gitkeep
[16:57:08] Including      : /home/rodrigo/Documents/DesenvolvimentoWeb/Votacao/votacao/src/environments/environment.prod.ts
[16:57:08] Including      : /home/rodrigo/Documents/DesenvolvimentoWeb/Votacao/votacao/src/environments/environment.ts
[16:57:08] Including      : /home/rodrigo/Documents/DesenvolvimentoWeb/Votacao/votacao/src/stories/Booth.stories.ts
[16:57:08] Including      : /home/rodrigo/Documents/DesenvolvimentoWeb/Votacao/votacao/src/stories/Results.stories.ts
[16:57:08] Including      : /home/rodrigo/Documents/DesenvolvimentoWeb/Votacao/votacao/src/stories/Voting.stories.ts
[16:57:08] Including      : /home/rodrigo/Documents/DesenvolvimentoWeb/Votacao/votacao/src/app/booth/booth.component.css
[16:57:08] Including      : /home/rodrigo/Documents/DesenvolvimentoWeb/Votacao/votacao/src/app/booth/booth.component.html
[16:57:08] Ignoring       : /home/rodrigo/Documents/DesenvolvimentoWeb/Votacao/votacao/src/app/booth/booth.component.spec.ts
[16:57:08] Including      : /home/rodrigo/Documents/DesenvolvimentoWeb/Votacao/votacao/src/app/booth/booth.component.ts
[16:57:08] Including      : /home/rodrigo/Documents/DesenvolvimentoWeb/Votacao/votacao/src/app/results/results.component.css
[16:57:08] Including      : /home/rodrigo/Documents/DesenvolvimentoWeb/Votacao/votacao/src/app/results/results.component.html
[16:57:08] Ignoring       : /home/rodrigo/Documents/DesenvolvimentoWeb/Votacao/votacao/src/app/results/results.component.spec.ts
[16:57:08] Including      : /home/rodrigo/Documents/DesenvolvimentoWeb/Votacao/votacao/src/app/results/results.component.ts
[16:57:08] Including      : /home/rodrigo/Documents/DesenvolvimentoWeb/Votacao/votacao/src/app/voting-card/voting-card.component.css
[16:57:08] Including      : /home/rodrigo/Documents/DesenvolvimentoWeb/Votacao/votacao/src/app/voting-card/voting-card.component.html
[16:57:08] Ignoring       : /home/rodrigo/Documents/DesenvolvimentoWeb/Votacao/votacao/src/app/voting-card/voting-card.component.spec.ts
[16:57:08] Including      : /home/rodrigo/Documents/DesenvolvimentoWeb/Votacao/votacao/src/app/voting-card/voting-card.component.ts
[16:57:08] Searching package.json file
[16:57:08] package.json file found
[16:57:08] Processing package.json dependencies
[16:57:08] Searching README.md, CHANGELOG.md, CONTRIBUTING.md, LICENSE.md, TODO.md files
[16:57:08] README.md file found
[16:57:08] Error during /home/rodrigo/Documents/DesenvolvimentoWeb/Votacao/votacao/CHANGELOG read
[16:57:08] Continuing without CHANGELOG.md file
[16:57:08] Error during /home/rodrigo/Documents/DesenvolvimentoWeb/Votacao/votacao/CONTRIBUTING read
[16:57:08] Continuing without CONTRIBUTING.md file
[16:57:08] Error during /home/rodrigo/Documents/DesenvolvimentoWeb/Votacao/votacao/LICENSE read
[16:57:08] Continuing without LICENSE.md file
[16:57:08] Error during /home/rodrigo/Documents/DesenvolvimentoWeb/Votacao/votacao/TODO read
[16:57:08] Continuing without TODO.md file
[16:57:08] Get dependencies data
[16:57:09] parsing        : /home/rodrigo/Documents/DesenvolvimentoWeb/Votacao/votacao/src/main.ts
[16:57:09] parsing        : /home/rodrigo/Documents/DesenvolvimentoWeb/Votacao/votacao/src/polyfills.ts
[16:57:09] parsing        : /home/rodrigo/Documents/DesenvolvimentoWeb/Votacao/votacao/src/test.ts
[16:57:09] parsing        : /home/rodrigo/Documents/DesenvolvimentoWeb/Votacao/votacao/src/app/app-routing.module.ts
[16:57:09] Analysing routes definitions and clean them if necessary
[16:57:09] found          : AppRoutingModule
[16:57:09]                : - imports:
[16:57:09]                : 	- RouterModule
[16:57:09]                : - exports:
[16:57:09]                : 	- RouterModule
[16:57:09] parsing        : /home/rodrigo/Documents/DesenvolvimentoWeb/Votacao/votacao/src/app/app.component.ts
[16:57:09] found          : AppComponent
[16:57:09] parsing        : /home/rodrigo/Documents/DesenvolvimentoWeb/Votacao/votacao/src/app/app.module.ts
[16:57:09] found          : AppModule
[16:57:09]                : - imports:
[16:57:09]                : 	- BrowserModule
[16:57:09]                : 	- AppRoutingModule
[16:57:09]                : - declarations:
[16:57:09]                : 	- AppComponent
[16:57:09]                : 	- ResultsComponent
[16:57:09]                : 	- BoothComponent
[16:57:09]                : 	- VotingCardComponent
[16:57:09]                : - bootstrap:
[16:57:09]                : 	- AppComponent
[16:57:09] parsing        : /home/rodrigo/Documents/DesenvolvimentoWeb/Votacao/votacao/src/environments/environment.prod.ts
[16:57:09] parsing        : /home/rodrigo/Documents/DesenvolvimentoWeb/Votacao/votacao/src/environments/environment.ts
[16:57:09] parsing        : /home/rodrigo/Documents/DesenvolvimentoWeb/Votacao/votacao/src/stories/Booth.stories.ts
[16:57:09] parsing        : /home/rodrigo/Documents/DesenvolvimentoWeb/Votacao/votacao/src/stories/Results.stories.ts
[16:57:09] parsing        : /home/rodrigo/Documents/DesenvolvimentoWeb/Votacao/votacao/src/stories/Voting.stories.ts
[16:57:09] parsing        : /home/rodrigo/Documents/DesenvolvimentoWeb/Votacao/votacao/src/app/booth/booth.component.ts
[16:57:09] found          : BoothComponent
[16:57:09] parsing        : /home/rodrigo/Documents/DesenvolvimentoWeb/Votacao/votacao/src/app/results/results.component.ts
[16:57:09] found          : ResultsComponent
[16:57:09] parsing        : /home/rodrigo/Documents/DesenvolvimentoWeb/Votacao/votacao/src/app/voting-card/voting-card.component.ts
[16:57:09] found          : VotingCardComponent
[16:57:09] -------------------
[16:57:09] Project statistics 
[16:57:09] - files      : 42
[16:57:09] - module     : 2
[16:57:09] - component  : 4
[16:57:09] -------------------
[16:57:09] Prepare components
[16:57:09]  AppComponent has a templateUrl, include it
[16:57:09]  AppComponent has styleUrls, include them
[16:57:09]  BoothComponent has a templateUrl, include it
[16:57:09]  BoothComponent has styleUrls, include them
[16:57:09]  ResultsComponent has a templateUrl, include it
[16:57:09]  ResultsComponent has styleUrls, include them
[16:57:09]  VotingCardComponent has a templateUrl, include it
[16:57:09]  VotingCardComponent has styleUrls, include them
[16:57:09] Prepare modules
[16:57:09] Process routes
[16:57:09] Prepare miscellaneous
[16:57:09] Process documentation coverage report
[16:57:09] Generating documentation in export format json
[16:57:09] Documentation generated in ./ in 0.762 seconds
info @storybook/angular v6.3.4
info 
info => Cleaning outputDir: /tmp/chromatic--106271-dqNs5AW4AIB2
info => Loading presets
(node:106410) [DEP0148] DeprecationWarning: Use of deprecated folder mapping "./" in the "exports" field module resolution of the package at /home/rodrigo/Documents/DesenvolvimentoWeb/Votacao/votacao/node_modules/tslib/package.json.
Update this package.json to use a subpath pattern like "./*".
(Use `node --trace-deprecation ...` to show where the warning was created)
info => Compiling preview..
info => Loading 1 config file in "/home/rodrigo/Documents/DesenvolvimentoWeb/Votacao/votacao/.storybook"
info => Loading 9 other files in "/home/rodrigo/Documents/DesenvolvimentoWeb/Votacao/votacao/.storybook"
info => Adding stories defined in "/home/rodrigo/Documents/DesenvolvimentoWeb/Votacao/votacao/.storybook/main.js"
info => Found custom tsconfig.json
info => Using implicit CSS loaders
info => Loading angular-cli config
info => Using angular project "votacao:build" for configuring Storybook
info => Using angular-cli webpack config
info => Using default Webpack5 setup
<s> [webpack.Progress] 0% 

<s> [webpack.Progress] 1% setup initialize
<s> [webpack.Progress] 1% setup initialize HtmlWebpackPlugin
<s> [webpack.Progress] 1% setup initialize
<s> [webpack.Progress] 2% setup before run
<s> [webpack.Progress] 2% setup before run NodeEnvironmentPlugin
<s> [webpack.Progress] 2% setup before run
<s> [webpack.Progress] 3% setup run
<s> [webpack.Progress] 3% setup run fork-ts-checker-webpack-plugin
<s> [webpack.Progress] 3% setup run
<s> [webpack.Progress] 4% setup normal module factory
<s> [webpack.Progress] 4% setup normal module factory CaseSensitivePathsPlugin
<s> [webpack.Progress] 4% setup normal module factory
<s> [webpack.Progress] 5% setup context module factory
<s> [webpack.Progress] 5% setup context module factory ContextReplacementPlugin
<s> [webpack.Progress] 5% setup context module factory ContextReplacementPlugin
<s> [webpack.Progress] 5% setup context module factory
<s> [webpack.Progress] 6% setup before compile
<s> [webpack.Progress] 6% setup before compile ProgressPlugin
<s> [webpack.Progress] 6% setup before compile
<s> [webpack.Progress] 7% setup compile
<s> [webpack.Progress] 7% setup compile fork-ts-checker-webpack-plugin
Starting type checking service...
<s> [webpack.Progress] 7% setup compile ExternalsPlugin
<s> [webpack.Progress] 7% setup compile
<s> [webpack.Progress] 8% setup compilation
<s> [webpack.Progress] 8% setup compilation CopyPlugin
<s> [webpack.Progress] 8% setup compilation ArrayPushCallbackChunkFormatPlugin
<s> [webpack.Progress] 8% setup compilation JsonpChunkLoadingPlugin
<s> [webpack.Progress] 8% setup compilation StartupChunkDependenciesPlugin
<s> [webpack.Progress] 8% setup compilation ImportScriptsChunkLoadingPlugin
<s> [webpack.Progress] 8% setup compilation FetchCompileWasmPlugin
<s> [webpack.Progress] 8% setup compilation FetchCompileAsyncWasmPlugin
<s> [webpack.Progress] 8% setup compilation WorkerPlugin
<s> [webpack.Progress] 8% setup compilation SplitChunksPlugin
<s> [webpack.Progress] 8% setup compilation RuntimeChunkPlugin
<s> [webpack.Progress] 8% setup compilation ResolverCachePlugin
<s> [webpack.Progress] 8% setup compilation HtmlWebpackPlugin
<s> [webpack.Progress] 8% setup compilation
<s> [webpack.Progress] 9% setup compilation
<s> [webpack.Progress] 9% setup compilation AnyComponentStyleBudgetChecker
<s> [webpack.Progress] 9% setup compilation DedupeModuleResolvePlugin
<s> [webpack.Progress] 9% setup compilation DefinePlugin
<s> [webpack.Progress] 9% setup compilation ProgressPlugin
<s> [webpack.Progress] 9% setup compilation ChunkPrefetchPreloadPlugin
<s> [webpack.Progress] 9% setup compilation SourceMapDevToolPlugin
<s> [webpack.Progress] 9% setup compilation JavascriptModulesPlugin
<s> [webpack.Progress] 9% setup compilation JsonModulesPlugin
<s> [webpack.Progress] 9% setup compilation AssetModulesPlugin
<s> [webpack.Progress] 9% setup compilation EntryPlugin
<s> [webpack.Progress] 9% setup compilation EntryPlugin
<s> [webpack.Progress] 9% setup compilation EntryPlugin
<s> [webpack.Progress] 9% setup compilation EntryPlugin
<s> [webpack.Progress] 9% setup compilation EntryPlugin
<s> [webpack.Progress] 9% setup compilation EntryPlugin
<s> [webpack.Progress] 9% setup compilation EntryPlugin
<s> [webpack.Progress] 9% setup compilation EntryPlugin
<s> [webpack.Progress] 9% setup compilation EntryPlugin
<s> [webpack.Progress] 9% setup compilation EntryPlugin
<s> [webpack.Progress] 9% setup compilation EntryPlugin
<s> [webpack.Progress] 9% setup compilation EntryPlugin
<s> [webpack.Progress] 9% setup compilation EntryPlugin
<s> [webpack.Progress] 9% setup compilation EntryPlugin
<s> [webpack.Progress] 9% setup compilation EntryPlugin
<s> [webpack.Progress] 9% setup compilation RuntimePlugin
<s> [webpack.Progress] 9% setup compilation InferAsyncModulesPlugin
<s> [webpack.Progress] 9% setup compilation DataUriPlugin
<s> [webpack.Progress] 9% setup compilation FileUriPlugin
<s> [webpack.Progress] 9% setup compilation CompatibilityPlugin
<s> [webpack.Progress] 9% setup compilation HarmonyModulesPlugin
<s> [webpack.Progress] 9% setup compilation AMDPlugin
<s> [webpack.Progress] 9% setup compilation RequireJsStuffPlugin
<s> [webpack.Progress] 9% setup compilation CommonJsPlugin
<s> [webpack.Progress] 9% setup compilation LoaderPlugin
<s> [webpack.Progress] 9% setup compilation LoaderPlugin
<s> [webpack.Progress] 9% setup compilation NodeStuffPlugin
<s> [webpack.Progress] 9% setup compilation APIPlugin
<s> [webpack.Progress] 9% setup compilation ExportsInfoApiPlugin
<s> [webpack.Progress] 9% setup compilation WebpackIsIncludedPlugin
<s> [webpack.Progress] 9% setup compilation ConstPlugin
<s> [webpack.Progress] 9% setup compilation UseStrictPlugin
<s> [webpack.Progress] 9% setup compilation RequireIncludePlugin
<s> [webpack.Progress] 9% setup compilation RequireEnsurePlugin
<s> [webpack.Progress] 9% setup compilation RequireContextPlugin
<s> [webpack.Progress] 9% setup compilation ImportPlugin
<s> [webpack.Progress] 9% setup compilation SystemPlugin
<s> [webpack.Progress] 9% setup compilation ImportMetaPlugin
<s> [webpack.Progress] 9% setup compilation URLPlugin
<s> [webpack.Progress] 9% setup compilation DefaultStatsFactoryPlugin
<s> [webpack.Progress] 9% setup compilation DefaultStatsPresetPlugin
<s> [webpack.Progress] 9% setup compilation DefaultStatsPrinterPlugin
<s> [webpack.Progress] 9% setup compilation JavascriptMetaInfoPlugin
<s> [webpack.Progress] 9% setup compilation EnsureChunkConditionsPlugin
<s> [webpack.Progress] 9% setup compilation RemoveEmptyChunksPlugin
<s> [webpack.Progress] 9% setup compilation MergeDuplicateChunksPlugin
<s> [webpack.Progress] 9% setup compilation FlagIncludedChunksPlugin
<s> [webpack.Progress] 9% setup compilation SideEffectsFlagPlugin
<s> [webpack.Progress] 9% setup compilation FlagDependencyExportsPlugin
<s> [webpack.Progress] 9% setup compilation FlagDependencyUsagePlugin
<s> [webpack.Progress] 9% setup compilation InnerGraphPlugin
<s> [webpack.Progress] 9% setup compilation MangleExportsPlugin
<s> [webpack.Progress] 9% setup compilation ModuleConcatenationPlugin
<s> [webpack.Progress] 9% setup compilation NoEmitOnErrorsPlugin
<s> [webpack.Progress] 9% setup compilation RealContentHashPlugin
<s> [webpack.Progress] 9% setup compilation WasmFinalizeExportsPlugin
<s> [webpack.Progress] 9% setup compilation DeterministicModuleIdsPlugin
<s> [webpack.Progress] 9% setup compilation DeterministicChunkIdsPlugin
<s> [webpack.Progress] 9% setup compilation DefinePlugin
<s> [webpack.Progress] 9% setup compilation TerserPlugin
<s> [webpack.Progress] 9% setup compilation TemplatedPathPlugin
<s> [webpack.Progress] 9% setup compilation RecordIdsPlugin
<s> [webpack.Progress] 9% setup compilation WarnCaseSensitiveModulesPlugin
<s> [webpack.Progress] 9% setup compilation IgnoreWarningsPlugin
<s> [webpack.Progress] 9% setup compilation
<s> [webpack.Progress] 10% building
<s> [webpack.Progress] 10% building 0/1 entries 0/0 dependencies 0/0 modules
<s> [webpack.Progress] 10% building import loader ./node_modules/babel-loader/lib/index.js
<s> [webpack.Progress] 10% building 0/15 entries 3/15 dependencies 0/3 modules
<s> [webpack.Progress] 10% building 0/15 entries 11/15 dependencies 0/10 modules
<s> [webpack.Progress] 10% building import loader ./node_modules/style-loader/dist/cjs.js
<s> [webpack.Progress] 10% building import loader ./node_modules/css-loader/dist/cjs.js
<s> [webpack.Progress] 10% building import loader ./node_modules/postcss-loader/dist/cjs.js
<s> [webpack.Progress] 10% building 0/15 entries 11/15 dependencies 0/11 modules
<s> [webpack.Progress] 10% building 0/15 entries 16/45 dependencies 0/16 modules
<s> [webpack.Progress] 10% building 0/15 entries 44/78 dependencies 4/42 modules
<s> [webpack.Progress] 13% building 1/15 entries 47/109 dependencies 7/42 modules
<s> [webpack.Progress] 17% building 2/15 entries 137/220 dependencies 14/86 modules
<s> [webpack.Progress] 17% building import loader ./node_modules/ts-loader/index.js
<s> [webpack.Progress] 17% building import loader ./node_modules/@storybook/angular/dist/ts3.9/server/ngx-template-loader/index.js
<s> [webpack.Progress] 17% building import loader ./node_modules/@storybook/source-loader/dist/cjs/index.js
<s> [webpack.Progress] 17% building 2/15 entries 161/220 dependencies 14/92 modules
<s> [webpack.Progress] 17% building 2/15 entries 180/424 dependencies 16/108 modules
<s> [webpack.Progress] 17% building 2/15 entries 400/570 dependencies 18/199 modules
<s> [webpack.Progress] 17% building 2/15 entries 565/700 dependencies 20/258 modules
[BABEL] Note: The code generator has deoptimised the styling of /home/rodrigo/Documents/DesenvolvimentoWeb/Votacao/votacao/node_modules/prettier/standalone.js as it exceeds the max of 500KB.
<s> [webpack.Progress] 17% building 2/15 entries 785/871 dependencies 26/266 modules
<s> [webpack.Progress] 17% building 2/15 entries 1024/1200 dependencies 62/302 modules
<s> [webpack.Progress] 17% building 2/15 entries 1268/1398 dependencies 100/368 modules
<s> [webpack.Progress] 17% building 2/15 entries 1510/1600 dependencies 178/405 modules
<s> [webpack.Progress] 17% building 2/15 entries 1654/1800 dependencies 255/426 modules
<s> [webpack.Progress] 17% building import loader ./node_modules/raw-loader/dist/cjs.js
<s> [webpack.Progress] 17% building 2/15 entries 1871/1956 dependencies 271/456 modules
<s> [webpack.Progress] 17% building 2/15 entries 2070/2300 dependencies 289/526 modules
<s> [webpack.Progress] 17% building 2/15 entries 2380/2600 dependencies 319/578 modules
<s> [webpack.Progress] 17% building 2/15 entries 2691/2800 dependencies 337/641 modules
<s> [webpack.Progress] 17% building 2/15 entries 2840/3100 dependencies 370/723 modules
<s> [webpack.Progress] 17% building 2/15 entries 3117/3200 dependencies 406/884 modules
<s> [webpack.Progress] 17% building 2/15 entries 3315/3400 dependencies 459/931 modules
<s> [webpack.Progress] 17% building 2/15 entries 3644/3700 dependencies 559/981 modules
<s> [webpack.Progress] 17% building 2/15 entries 3786/3900 dependencies 619/990 modules
<s> [webpack.Progress] 18% building 2/15 entries 4051/4100 dependencies 754/1070 modules
<s> [webpack.Progress] 20% building 2/15 entries 4450/4500 dependencies 927/1138 modules
<s> [webpack.Progress] 20% building 2/15 entries 4600/4646 dependencies 972/1176 modules
<s> [webpack.Progress] 21% building 2/15 entries 4753/4800 dependencies 1041/1211 modules
<s> [webpack.Progress] 22% building 3/15 entries 4923/4997 dependencies 1113/1255 modules
<s> [webpack.Progress] 24% building 4/15 entries 4923/4997 dependencies 1114/1255 modules
<s> [webpack.Progress] 28% building 5/15 entries 4923/4997 dependencies 1115/1255 modules
<s> [webpack.Progress] 32% building 6/15 entries 4923/4997 dependencies 1116/1255 modules
<s> [webpack.Progress] 35% building 7/15 entries 4923/4997 dependencies 1117/1255 modules
<s> [webpack.Progress] 39% building 8/15 entries 4923/4997 dependencies 1118/1255 modules
<s> [webpack.Progress] 43% building 9/15 entries 4923/4997 dependencies 1119/1255 modules
<s> [webpack.Progress] 46% building 10/15 entries 4923/4997 dependencies 1120/1255 modules
<s> [webpack.Progress] 50% building 11/15 entries 4923/4997 dependencies 1121/1255 modules
<s> [webpack.Progress] 50% building 11/15 entries 5200/5284 dependencies 1185/1336 modules
<s> [webpack.Progress] 50% building 11/15 entries 5385/5400 dependencies 1258/1388 modules
<s> [webpack.Progress] 53% building 12/15 entries 5487/5494 dependencies 1354/1404 modules
<s> [webpack.Progress] 57% building 13/15 entries 5513/5517 dependencies 1390/1410 modules
<s> [webpack.Progress] 61% building 14/15 entries 5513/5517 dependencies 1391/1410 modules
<s> [webpack.Progress] 65% building 15/15 entries 5523/5523 dependencies 1414/1414 modules
<s> [webpack.Progress] 65% building
<s> [webpack.Progress] 69% building finish
<s> [webpack.Progress] 69% building finish
<s> [webpack.Progress] 70% sealing finish module graph
<s> [webpack.Progress] 70% sealing finish module graph ResolverCachePlugin
<s> [webpack.Progress] 70% sealing finish module graph InferAsyncModulesPlugin
<s> [webpack.Progress] 70% sealing finish module graph FlagDependencyExportsPlugin
<s> [webpack.Progress] 70% sealing finish module graph InnerGraphPlugin
<s> [webpack.Progress] 70% sealing finish module graph WasmFinalizeExportsPlugin
<s> [webpack.Progress] 70% sealing finish module graph
<s> [webpack.Progress] 70% sealing plugins
<s> [webpack.Progress] 70% sealing plugins WarnCaseSensitiveModulesPlugin
<s> [webpack.Progress] 70% sealing plugins
<s> [webpack.Progress] 71% sealing dependencies optimization
<s> [webpack.Progress] 71% sealing dependencies optimization SideEffectsFlagPlugin
<s> [webpack.Progress] 71% sealing dependencies optimization FlagDependencyUsagePlugin
<s> [webpack.Progress] 71% sealing dependencies optimization
<s> [webpack.Progress] 71% sealing after dependencies optimization
<s> [webpack.Progress] 71% sealing after dependencies optimization
<s> [webpack.Progress] 72% sealing chunk graph
<s> [webpack.Progress] 72% sealing chunk graph
<s> [webpack.Progress] 73% sealing after chunk graph
<s> [webpack.Progress] 73% sealing after chunk graph
<s> [webpack.Progress] 73% sealing optimizing
<s> [webpack.Progress] 73% sealing optimizing
<s> [webpack.Progress] 74% sealing module optimization
<s> [webpack.Progress] 74% sealing module optimization
<s> [webpack.Progress] 75% sealing after module optimization
<s> [webpack.Progress] 75% sealing after module optimization
<s> [webpack.Progress] 75% sealing chunk optimization
<s> [webpack.Progress] 75% sealing chunk optimization EnsureChunkConditionsPlugin
<s> [webpack.Progress] 75% sealing chunk optimization RemoveEmptyChunksPlugin
<s> [webpack.Progress] 75% sealing chunk optimization MergeDuplicateChunksPlugin
<s> [webpack.Progress] 75% sealing chunk optimization SplitChunksPlugin
<s> [webpack.Progress] 75% sealing chunk optimization RemoveEmptyChunksPlugin
<s> [webpack.Progress] 75% sealing chunk optimization
<s> [webpack.Progress] 76% sealing after chunk optimization
<s> [webpack.Progress] 76% sealing after chunk optimization
<s> [webpack.Progress] 77% sealing module and chunk tree optimization
<s> [webpack.Progress] 77% sealing module and chunk tree optimization PersistentChildCompilerSingletonPlugin
<s> [webpack.Progress] 77% sealing module and chunk tree optimization
<s> [webpack.Progress] 77% sealing after module and chunk tree optimization
<s> [webpack.Progress] 77% sealing after module and chunk tree optimization
<s> [webpack.Progress] 78% sealing chunk modules optimization
<s> [webpack.Progress] 78% sealing chunk modules optimization ModuleConcatenationPlugin
<s> [webpack.Progress] 78% sealing chunk modules optimization
<s> [webpack.Progress] 78% sealing after chunk modules optimization
<s> [webpack.Progress] 78% sealing after chunk modules optimization
<s> [webpack.Progress] 79% sealing module reviving
<s> [webpack.Progress] 79% sealing module reviving RecordIdsPlugin
<s> [webpack.Progress] 79% sealing module reviving
<s> [webpack.Progress] 80% sealing before module ids
<s> [webpack.Progress] 80% sealing before module ids
<s> [webpack.Progress] 80% sealing module ids
<s> [webpack.Progress] 80% sealing module ids DeterministicModuleIdsPlugin
<s> [webpack.Progress] 80% sealing module ids
<s> [webpack.Progress] 81% sealing module id optimization
<s> [webpack.Progress] 81% sealing module id optimization
<s> [webpack.Progress] 82% sealing module id optimization
<s> [webpack.Progress] 82% sealing module id optimization
<s> [webpack.Progress] 82% sealing chunk reviving
<s> [webpack.Progress] 82% sealing chunk reviving RecordIdsPlugin
<s> [webpack.Progress] 82% sealing chunk reviving
<s> [webpack.Progress] 83% sealing before chunk ids
<s> [webpack.Progress] 83% sealing before chunk ids
<s> [webpack.Progress] 84% sealing chunk ids
<s> [webpack.Progress] 84% sealing chunk ids DeterministicChunkIdsPlugin
<s> [webpack.Progress] 84% sealing chunk ids
<s> [webpack.Progress] 84% sealing chunk id optimization
<s> [webpack.Progress] 84% sealing chunk id optimization FlagIncludedChunksPlugin
<s> [webpack.Progress] 84% sealing chunk id optimization
<s> [webpack.Progress] 85% sealing after chunk id optimization
<s> [webpack.Progress] 85% sealing after chunk id optimization
<s> [webpack.Progress] 86% sealing record modules
<s> [webpack.Progress] 86% sealing record modules RecordIdsPlugin
<s> [webpack.Progress] 86% sealing record modules
<s> [webpack.Progress] 86% sealing record chunks
<s> [webpack.Progress] 86% sealing record chunks RecordIdsPlugin
<s> [webpack.Progress] 86% sealing record chunks
<s> [webpack.Progress] 87% sealing module hashing
<s> [webpack.Progress] 87% sealing module hashing
<s> [webpack.Progress] 87% sealing code generation
<s> [webpack.Progress] 87% sealing code generation
<s> [webpack.Progress] 88% sealing runtime requirements
<s> [webpack.Progress] 88% sealing runtime requirements
<s> [webpack.Progress] 89% sealing hashing
<s> [webpack.Progress] 89% sealing hashing
<s> [webpack.Progress] 89% sealing after hashing
<s> [webpack.Progress] 89% sealing after hashing
<s> [webpack.Progress] 90% sealing record hash
<s> [webpack.Progress] 90% sealing record hash
<s> [webpack.Progress] 91% sealing module assets processing
<s> [webpack.Progress] 91% sealing module assets processing
<s> [webpack.Progress] 91% sealing chunk assets processing
<s> [webpack.Progress] 91% sealing chunk assets processing
<s> [webpack.Progress] 92% sealing asset processing
<s> [webpack.Progress] 92% sealing asset processing copy-webpack-plugin
<s> [webpack.Progress] 92% sealing asset processing PersistentChildCompilerSingletonPlugin
<s> [webpack.Progress] 92% sealing asset processing TerserPlugin
<s> [webpack.Progress] 92% sealing asset processing SourceMapDevToolPlugin
<s> [webpack.Progress] 92% sealing asset processing SourceMapDevToolPlugin
<s> [webpack.Progress] 92% sealing asset processing SourceMapDevToolPlugin main.afea0987.iframe.bundle.js generate SourceMap
<s> [webpack.Progress] 92% sealing asset processing SourceMapDevToolPlugin main.afea0987.iframe.bundle.js generated SourceMap
<s> [webpack.Progress] 92% sealing asset processing SourceMapDevToolPlugin runtime~main.94e9bf61.iframe.bundle.js generate SourceMap
<s> [webpack.Progress] 92% sealing asset processing SourceMapDevToolPlugin runtime~main.94e9bf61.iframe.bundle.js generated SourceMap
<s> [webpack.Progress] 92% sealing asset processing SourceMapDevToolPlugin 90.5b4dc606.iframe.bundle.js generate SourceMap
<s> [webpack.Progress] 92% sealing asset processing SourceMapDevToolPlugin 90.5b4dc606.iframe.bundle.js generated SourceMap
<s> [webpack.Progress] 92% sealing asset processing SourceMapDevToolPlugin 913.7f44dcb6.iframe.bundle.js generate SourceMap
<s> [webpack.Progress] 92% sealing asset processing SourceMapDevToolPlugin 913.7f44dcb6.iframe.bundle.js generated SourceMap
<s> [webpack.Progress] 92% sealing asset processing SourceMapDevToolPlugin 881.317a7f45.iframe.bundle.js generate SourceMap
<s> [webpack.Progress] 92% sealing asset processing SourceMapDevToolPlugin 881.317a7f45.iframe.bundle.js generated SourceMap
<s> [webpack.Progress] 92% sealing asset processing SourceMapDevToolPlugin 459.cc2145a1.iframe.bundle.js generate SourceMap
<s> [webpack.Progress] 92% sealing asset processing SourceMapDevToolPlugin 459.cc2145a1.iframe.bundle.js generated SourceMap
<s> [webpack.Progress] 92% sealing asset processing SourceMapDevToolPlugin 331.d66dc485.iframe.bundle.js generate SourceMap
<s> [webpack.Progress] 92% sealing asset processing SourceMapDevToolPlugin 331.d66dc485.iframe.bundle.js generated SourceMap
<s> [webpack.Progress] 92% sealing asset processing SourceMapDevToolPlugin 813.544f8d39.iframe.bundle.js generate SourceMap
<s> [webpack.Progress] 92% sealing asset processing SourceMapDevToolPlugin 813.544f8d39.iframe.bundle.js generated SourceMap
<s> [webpack.Progress] 92% sealing asset processing SourceMapDevToolPlugin resolve sources
<s> [webpack.Progress] 92% sealing asset processing SourceMapDevToolPlugin main.afea0987.iframe.bundle.js attach SourceMap
<s> [webpack.Progress] 92% sealing asset processing SourceMapDevToolPlugin main.afea0987.iframe.bundle.js attached SourceMap
<s> [webpack.Progress] 92% sealing asset processing SourceMapDevToolPlugin runtime~main.94e9bf61.iframe.bundle.js attach SourceMap
<s> [webpack.Progress] 92% sealing asset processing SourceMapDevToolPlugin runtime~main.94e9bf61.iframe.bundle.js attached SourceMap
<s> [webpack.Progress] 92% sealing asset processing SourceMapDevToolPlugin 90.5b4dc606.iframe.bundle.js attach SourceMap
<s> [webpack.Progress] 92% sealing asset processing SourceMapDevToolPlugin 90.5b4dc606.iframe.bundle.js attached SourceMap
<s> [webpack.Progress] 92% sealing asset processing SourceMapDevToolPlugin 913.7f44dcb6.iframe.bundle.js attach SourceMap
<s> [webpack.Progress] 92% sealing asset processing SourceMapDevToolPlugin 913.7f44dcb6.iframe.bundle.js attached SourceMap
<s> [webpack.Progress] 92% sealing asset processing SourceMapDevToolPlugin 881.317a7f45.iframe.bundle.js attach SourceMap
<s> [webpack.Progress] 92% sealing asset processing SourceMapDevToolPlugin 881.317a7f45.iframe.bundle.js attached SourceMap
<s> [webpack.Progress] 92% sealing asset processing SourceMapDevToolPlugin 459.cc2145a1.iframe.bundle.js attach SourceMap
<s> [webpack.Progress] 92% sealing asset processing SourceMapDevToolPlugin 459.cc2145a1.iframe.bundle.js attached SourceMap
<s> [webpack.Progress] 92% sealing asset processing SourceMapDevToolPlugin 331.d66dc485.iframe.bundle.js attach SourceMap
<s> [webpack.Progress] 92% sealing asset processing SourceMapDevToolPlugin 331.d66dc485.iframe.bundle.js attached SourceMap
<s> [webpack.Progress] 92% sealing asset processing SourceMapDevToolPlugin 813.544f8d39.iframe.bundle.js attach SourceMap
<s> [webpack.Progress] 92% sealing asset processing SourceMapDevToolPlugin 813.544f8d39.iframe.bundle.js attached SourceMap
<s> [webpack.Progress] 92% sealing asset processing SourceMapDevToolPlugin
<s> [webpack.Progress] 92% sealing asset processing SourceMapDevToolPlugin
<s> [webpack.Progress] 92% sealing asset processing SourceMapDevToolPlugin resolve sources
<s> [webpack.Progress] 92% sealing asset processing SourceMapDevToolPlugin
<s> [webpack.Progress] 92% sealing asset processing HtmlWebpackPlugin
<s> [webpack.Progress] 92% sealing asset processing HtmlWebpackPlugin
<s> [webpack.Progress] 92% sealing asset processing HtmlWebpackPlugin resolve sources
<s> [webpack.Progress] 92% sealing asset processing HtmlWebpackPlugin
<s> [webpack.Progress] 92% sealing asset processing RealContentHashPlugin
<s> [webpack.Progress] 92% sealing asset processing RealContentHashPlugin
<s> [webpack.Progress] 92% sealing asset processing RealContentHashPlugin resolve sources
<s> [webpack.Progress] 92% sealing asset processing RealContentHashPlugin
<s> [webpack.Progress] 92% sealing asset processing AnyComponentStyleBudgetChecker
<s> [webpack.Progress] 92% sealing asset processing
<s> [webpack.Progress] 93% sealing after asset optimization
<s> [webpack.Progress] 93% sealing after asset optimization
<s> [webpack.Progress] 93% sealing recording
<s> [webpack.Progress] 93% sealing recording
<s> [webpack.Progress] 94% sealing after seal
<s> [webpack.Progress] 94% sealing after seal
<s> [webpack.Progress] 95% emitting emit
<s> [webpack.Progress] 95% emitting emit fork-ts-checker-webpack-plugin
<s> [webpack.Progress] 95% emitting emit
<s> [webpack.Progress] 98% emitting after emit
<s> [webpack.Progress] 98% emitting after emit SizeLimitsPlugin
<s> [webpack.Progress] 98% emitting after emit
<s> [webpack.Progress] 99% done plugins
<s> [webpack.Progress] 99% done plugins CaseSensitivePathsPlugin
<s> [webpack.Progress] 99% done plugins fork-ts-checker-webpack-plugin
<s> [webpack.Progress] 99% done plugins fork-ts-checker-webpack-plugin
<s> [webpack.Progress] 99% done plugins
<s> [webpack.Progress] 99% 

<s> [webpack.Progress] 99% cache store build dependencies
<s> [webpack.Progress] 99% cache store build dependencies
<s> [webpack.Progress] 99% cache begin idle
<s> [webpack.Progress] 99% cache begin idle
<s> [webpack.Progress] 100% 

info => Preview built (2.28 min)
WARN System.import() is deprecated and will be removed soon. Use import() instead.
WARN For more info visit https://webpack.js.org/guides/code-splitting/
WARN System.import() is deprecated and will be removed soon. Use import() instead.
WARN For more info visit https://webpack.js.org/guides/code-splitting/
WARN asset size limit: The following asset(s) exceed the recommended size limit (244 KiB).
WARN This can impact web performance.
WARN Assets: 
WARN   813.02291f15.iframe.bundle.js (3.87 MiB)
WARN entrypoint size limit: The following entrypoint(s) combined asset size exceeds the recommended limit (244 KiB). This can impact web performance.
WARN Entrypoints:
WARN   main (3.94 MiB)
WARN       runtime~main.f8ec00d4.iframe.bundle.js
WARN       813.02291f15.iframe.bundle.js
WARN       main.1db5a63c.iframe.bundle.js
WARN 
<s> [webpack.Progress] 99% cache shutdown
<s> [webpack.Progress] 99% cache shutdown
<s> [webpack.Progress] 100% 

info => Output directory: /tmp/chromatic--106271-dqNs5AW4AIB2
